[2025-03-27 05:13:19] [ERROR] uncaughtException: listen EADDRINUSE: address already in use :::8080
Error: listen EADDRINUSE: address already in use :::8080
    at Server.setupListenHandle [as _listen2] (node:net:1937:16)
    at listenInCluster (node:net:1994:12)
    at Server.listen (node:net:2099:7)
    at new WebSocketServer (T:\CodeProjects\SuperChain\snipebot\Diamond_Snipebot_v2.0\node_modules\ws\lib\websocket-server.js:102:20)
    at new WsService (file:///T:/CodeProjects/SuperChain/snipebot/Diamond_Snipebot_v2.0/backend/services/wsService.js:8:16)
    at new NotificationService (file:///T:/CodeProjects/SuperChain/snipebot/Diamond_Snipebot_v2.0/backend/services/notificationService.js:12:22)
    at file:///T:/CodeProjects/SuperChain/snipebot/Diamond_Snipebot_v2.0/server.js:25:29
    at ModuleJob.run (node:internal/modules/esm/module_job:271:25)
    at async onImport.tracePromise.__proto__ (node:internal/modules/esm/loader:578:26)
    at async asyncRunEntryPointWithESMLoader (node:internal/modules/run_main:116:5)
[2025-03-27 18:22:32] [ERROR] uncaughtException: Cannot find module 'T:\CodeProjects\SuperChain\snipebot\Diamond_Snipebot_v2.0\transactionWorker.js'
Error: Cannot find module 'T:\CodeProjects\SuperChain\snipebot\Diamond_Snipebot_v2.0\transactionWorker.js'
    at Function._resolveFilename (node:internal/modules/cjs/loader:1225:15)
    at Function._load (node:internal/modules/cjs/loader:1055:27)
    at TracingChannel.traceSync (node:diagnostics_channel:322:14)
    at wrapModuleLoad (node:internal/modules/cjs/loader:220:24)
    at Function.executeUserEntryPoint [as runMain] (node:internal/modules/run_main:170:5)
    at MessagePort.<anonymous> (node:internal/main/worker_thread:212:26)
    at [nodejs.internal.kHybridDispatch] (node:internal/event_target:827:20)
    at MessagePort.<anonymous> (node:internal/per_context/messageport:23:28)
[2025-03-27 18:30:22] [ERROR] uncaughtException: Cannot find module 'T:\CodeProjects\SuperChain\snipebot\Diamond_Snipebot_v2.0\transactionWorker.js'
Error: Cannot find module 'T:\CodeProjects\SuperChain\snipebot\Diamond_Snipebot_v2.0\transactionWorker.js'
    at Function._resolveFilename (node:internal/modules/cjs/loader:1225:15)
    at Function._load (node:internal/modules/cjs/loader:1055:27)
    at TracingChannel.traceSync (node:diagnostics_channel:322:14)
    at wrapModuleLoad (node:internal/modules/cjs/loader:220:24)
    at Function.executeUserEntryPoint [as runMain] (node:internal/modules/run_main:170:5)
    at MessagePort.<anonymous> (node:internal/main/worker_thread:212:26)
    at [nodejs.internal.kHybridDispatch] (node:internal/event_target:827:20)
    at MessagePort.<anonymous> (node:internal/per_context/messageport:23:28)
[2025-03-27 18:36:27] [ERROR] uncaughtException: Cannot find module 'T:\CodeProjects\SuperChain\snipebot\Diamond_Snipebot_v2.0\transactionWorker.js'
Error: Cannot find module 'T:\CodeProjects\SuperChain\snipebot\Diamond_Snipebot_v2.0\transactionWorker.js'
    at Function._resolveFilename (node:internal/modules/cjs/loader:1225:15)
    at Function._load (node:internal/modules/cjs/loader:1055:27)
    at TracingChannel.traceSync (node:diagnostics_channel:322:14)
    at wrapModuleLoad (node:internal/modules/cjs/loader:220:24)
    at Function.executeUserEntryPoint [as runMain] (node:internal/modules/run_main:170:5)
    at MessagePort.<anonymous> (node:internal/main/worker_thread:212:26)
    at [nodejs.internal.kHybridDispatch] (node:internal/event_target:827:20)
    at MessagePort.<anonymous> (node:internal/per_context/messageport:23:28)
[2025-03-27 18:39:43] [ERROR] uncaughtException: Cannot find module 'T:\CodeProjects\SuperChain\snipebot\Diamond_Snipebot_v2.0\transactionWorker.js'
Error: Cannot find module 'T:\CodeProjects\SuperChain\snipebot\Diamond_Snipebot_v2.0\transactionWorker.js'
    at Function._resolveFilename (node:internal/modules/cjs/loader:1225:15)
    at Function._load (node:internal/modules/cjs/loader:1055:27)
    at TracingChannel.traceSync (node:diagnostics_channel:322:14)
    at wrapModuleLoad (node:internal/modules/cjs/loader:220:24)
    at Function.executeUserEntryPoint [as runMain] (node:internal/modules/run_main:170:5)
    at MessagePort.<anonymous> (node:internal/main/worker_thread:212:26)
    at [nodejs.internal.kHybridDispatch] (node:internal/event_target:827:20)
    at MessagePort.<anonymous> (node:internal/per_context/messageport:23:28)
[2025-03-27 18:46:05] [ERROR] uncaughtException: Cannot find module 'T:\CodeProjects\SuperChain\snipebot\Diamond_Snipebot_v2.0\transactionWorker.js'
Error: Cannot find module 'T:\CodeProjects\SuperChain\snipebot\Diamond_Snipebot_v2.0\transactionWorker.js'
    at Function._resolveFilename (node:internal/modules/cjs/loader:1225:15)
    at Function._load (node:internal/modules/cjs/loader:1055:27)
    at TracingChannel.traceSync (node:diagnostics_channel:322:14)
    at wrapModuleLoad (node:internal/modules/cjs/loader:220:24)
    at Function.executeUserEntryPoint [as runMain] (node:internal/modules/run_main:170:5)
    at MessagePort.<anonymous> (node:internal/main/worker_thread:212:26)
    at [nodejs.internal.kHybridDispatch] (node:internal/event_target:827:20)
    at MessagePort.<anonymous> (node:internal/per_context/messageport:23:28)
[2025-03-27 19:03:18] [ERROR] uncaughtException: Cannot find module 'T:\CodeProjects\SuperChain\snipebot\Diamond_Snipebot_v2.0\transactionWorker.js'
Error: Cannot find module 'T:\CodeProjects\SuperChain\snipebot\Diamond_Snipebot_v2.0\transactionWorker.js'
    at Function._resolveFilename (node:internal/modules/cjs/loader:1212:15)
    at Function._load (node:internal/modules/cjs/loader:1043:27)
    at Function.executeUserEntryPoint [as runMain] (node:internal/modules/run_main:164:12)
    at MessagePort.<anonymous> (node:internal/main/worker_thread:192:26)
    at [nodejs.internal.kHybridDispatch] (node:internal/event_target:831:20)
    at MessagePort.<anonymous> (node:internal/per_context/messageport:23:28)
[2025-03-27 19:09:41] [ERROR] uncaughtException: Cannot find module 'T:\CodeProjects\SuperChain\snipebot\Diamond_Snipebot_v2.0\transactionWorker.js'
Error: Cannot find module 'T:\CodeProjects\SuperChain\snipebot\Diamond_Snipebot_v2.0\transactionWorker.js'
    at Function._resolveFilename (node:internal/modules/cjs/loader:1212:15)
    at Function._load (node:internal/modules/cjs/loader:1043:27)
    at Function.executeUserEntryPoint [as runMain] (node:internal/modules/run_main:164:12)
    at MessagePort.<anonymous> (node:internal/main/worker_thread:192:26)
    at [nodejs.internal.kHybridDispatch] (node:internal/event_target:831:20)
    at MessagePort.<anonymous> (node:internal/per_context/messageport:23:28)
