[2025-03-27 05:24:16] [ERROR] unhandledRejection: options.port should be >= 0 and < 65536. Received type string ('80801').
RangeError [ERR_SOCKET_BAD_PORT]: options.port should be >= 0 and < 65536. Received type string ('80801').
    at Server.listen (node:net:2088:5)
    at file:///T:/CodeProjects/SuperChain/snipebot/Diamond_Snipebot_v2.0/backend/utils/helpers.js:44:12
    at new Promise (<anonymous>)
    at isPortTaken (file:///T:/CodeProjects/SuperChain/snipebot/Diamond_Snipebot_v2.0/backend/utils/helpers.js:34:10)
    at WsService.findFreePort (file:///T:/CodeProjects/SuperChain/snipebot/Diamond_Snipebot_v2.0/backend/services/wsService.js:27:18)
    at WsService.startServer (file:///T:/CodeProjects/SuperChain/snipebot/Diamond_Snipebot_v2.0/backend/services/wsService.js:18:30)
    at process.processTicksAndRejections (node:internal/process/task_queues:105:5)
[2025-03-27 05:28:59] [ERROR] unhandledRejection: Không tìm được port trống trong phạm vi 1024-65535
Error: Không tìm được port trống trong phạm vi 1024-65535
    at WsService.findFreePort (file:///T:/CodeProjects/SuperChain/snipebot/Diamond_Snipebot_v2.0/backend/services/wsService.js:29:15)
    at process.processTicksAndRejections (node:internal/process/task_queues:105:5)
    at async WsService.startServer (file:///T:/CodeProjects/SuperChain/snipebot/Diamond_Snipebot_v2.0/backend/services/wsService.js:17:19)
[2025-03-27 05:44:37] [ERROR] unhandledRejection: (no error message)
AggregateError [ECONNREFUSED]: 
    at internalConnectMultiple (node:net:1139:18)
    at afterConnectMultiple (node:net:1712:7)
[2025-03-27 05:46:44] [ERROR] unhandledRejection: (no error message)
AggregateError [ECONNREFUSED]: 
    at internalConnectMultiple (node:net:1139:18)
    at afterConnectMultiple (node:net:1712:7)
[2025-03-27 16:49:24] [ERROR] unhandledRejection: (no error message)
AggregateError [ECONNREFUSED]: 
    at internalConnectMultiple (node:net:1139:18)
    at afterConnectMultiple (node:net:1712:7)
[2025-03-27 16:53:37] [ERROR] unhandledRejection: (no error message)
AggregateError [ECONNREFUSED]: 
    at internalConnectMultiple (node:net:1139:18)
    at afterConnectMultiple (node:net:1712:7)
[2025-03-27 17:35:12] [ERROR] unhandledRejection: Không thể kết nối tới Redis
Error: Không thể kết nối tới Redis
    at WsService.startServer (file:///T:/CodeProjects/SuperChain/snipebot/Diamond_Snipebot_v2.0/backend/services/wsService.js:36:13)
    at process.processTicksAndRejections (node:internal/process/task_queues:105:5)
