[2025-03-27 22:24:19] [ERROR] Lỗi khởi động server: TypeError: this.broadcast is not a function
    at NotificationService.sendNotification (file:///app/backend/services/notificationService.js:29:10)
    at process.processTicksAndRejections (node:internal/process/task_queues:95:5)
    at async BotController.start (file:///app/backend/controllers/botController.js:44:5)
    at async startServer (file:///app/server.js:66:5)
[2025-03-27 22:29:36] [ERROR] Uncaught Exception: Error: Cannot find module '/app/transactionWorker.js'
    at Function._resolveFilename (node:internal/modules/cjs/loader:1212:15)
    at Function._load (node:internal/modules/cjs/loader:1043:27)
    at Function.executeUserEntryPoint [as runMain] (node:internal/modules/run_main:164:12)
    at MessagePort.<anonymous> (node:internal/main/worker_thread:192:26)
    at [nodejs.internal.kHybridDispatch] (node:internal/event_target:831:20)
    at MessagePort.<anonymous> (node:internal/per_context/messageport:23:28)
[2025-03-27 22:29:45] [ERROR] Uncaught Exception: Error: Cannot find module '/app/transactionWorker.js'
    at Function._resolveFilename (node:internal/modules/cjs/loader:1212:15)
    at Function._load (node:internal/modules/cjs/loader:1043:27)
    at Function.executeUserEntryPoint [as runMain] (node:internal/modules/run_main:164:12)
    at MessagePort.<anonymous> (node:internal/main/worker_thread:192:26)
    at [nodejs.internal.kHybridDispatch] (node:internal/event_target:831:20)
    at MessagePort.<anonymous> (node:internal/per_context/messageport:23:28)
[2025-03-27 22:37:13] [ERROR] Uncaught Exception: Error: Cannot find module '/app/transactionWorker.js'
    at Function._resolveFilename (node:internal/modules/cjs/loader:1212:15)
    at Function._load (node:internal/modules/cjs/loader:1043:27)
    at Function.executeUserEntryPoint [as runMain] (node:internal/modules/run_main:164:12)
    at MessagePort.<anonymous> (node:internal/main/worker_thread:192:26)
    at [nodejs.internal.kHybridDispatch] (node:internal/event_target:831:20)
    at MessagePort.<anonymous> (node:internal/per_context/messageport:23:28)
[2025-03-27 22:37:17] [ERROR] Uncaught Exception: Error: Cannot find module '/app/transactionWorker.js'
    at Function._resolveFilename (node:internal/modules/cjs/loader:1212:15)
    at Function._load (node:internal/modules/cjs/loader:1043:27)
    at Function.executeUserEntryPoint [as runMain] (node:internal/modules/run_main:164:12)
    at MessagePort.<anonymous> (node:internal/main/worker_thread:192:26)
    at [nodejs.internal.kHybridDispatch] (node:internal/event_target:831:20)
    at MessagePort.<anonymous> (node:internal/per_context/messageport:23:28)
[2025-03-27 22:37:22] [ERROR] Uncaught Exception: Error: Cannot find module '/app/transactionWorker.js'
    at Function._resolveFilename (node:internal/modules/cjs/loader:1212:15)
    at Function._load (node:internal/modules/cjs/loader:1043:27)
    at Function.executeUserEntryPoint [as runMain] (node:internal/modules/run_main:164:12)
    at MessagePort.<anonymous> (node:internal/main/worker_thread:192:26)
    at [nodejs.internal.kHybridDispatch] (node:internal/event_target:831:20)
    at MessagePort.<anonymous> (node:internal/per_context/messageport:23:28)
[2025-03-27 22:37:26] [ERROR] Uncaught Exception: Error: Cannot find module '/app/transactionWorker.js'
    at Function._resolveFilename (node:internal/modules/cjs/loader:1212:15)
    at Function._load (node:internal/modules/cjs/loader:1043:27)
    at Function.executeUserEntryPoint [as runMain] (node:internal/modules/run_main:164:12)
    at MessagePort.<anonymous> (node:internal/main/worker_thread:192:26)
    at [nodejs.internal.kHybridDispatch] (node:internal/event_target:831:20)
    at MessagePort.<anonymous> (node:internal/per_context/messageport:23:28)
[2025-03-27 22:37:31] [ERROR] Uncaught Exception: Error: Cannot find module '/app/transactionWorker.js'
    at Function._resolveFilename (node:internal/modules/cjs/loader:1212:15)
    at Function._load (node:internal/modules/cjs/loader:1043:27)
    at Function.executeUserEntryPoint [as runMain] (node:internal/modules/run_main:164:12)
    at MessagePort.<anonymous> (node:internal/main/worker_thread:192:26)
    at [nodejs.internal.kHybridDispatch] (node:internal/event_target:831:20)
    at MessagePort.<anonymous> (node:internal/per_context/messageport:23:28)
[2025-03-27 22:37:36] [ERROR] Uncaught Exception: Error: Cannot find module '/app/transactionWorker.js'
    at Function._resolveFilename (node:internal/modules/cjs/loader:1212:15)
    at Function._load (node:internal/modules/cjs/loader:1043:27)
    at Function.executeUserEntryPoint [as runMain] (node:internal/modules/run_main:164:12)
    at MessagePort.<anonymous> (node:internal/main/worker_thread:192:26)
    at [nodejs.internal.kHybridDispatch] (node:internal/event_target:831:20)
    at MessagePort.<anonymous> (node:internal/per_context/messageport:23:28)
[2025-03-27 22:37:43] [ERROR] Uncaught Exception: Error: Cannot find module '/app/transactionWorker.js'
    at Function._resolveFilename (node:internal/modules/cjs/loader:1212:15)
    at Function._load (node:internal/modules/cjs/loader:1043:27)
    at Function.executeUserEntryPoint [as runMain] (node:internal/modules/run_main:164:12)
    at MessagePort.<anonymous> (node:internal/main/worker_thread:192:26)
    at [nodejs.internal.kHybridDispatch] (node:internal/event_target:831:20)
    at MessagePort.<anonymous> (node:internal/per_context/messageport:23:28)
[2025-03-27 22:37:54] [ERROR] Uncaught Exception: Error: Cannot find module '/app/transactionWorker.js'
    at Function._resolveFilename (node:internal/modules/cjs/loader:1212:15)
    at Function._load (node:internal/modules/cjs/loader:1043:27)
    at Function.executeUserEntryPoint [as runMain] (node:internal/modules/run_main:164:12)
    at MessagePort.<anonymous> (node:internal/main/worker_thread:192:26)
    at [nodejs.internal.kHybridDispatch] (node:internal/event_target:831:20)
    at MessagePort.<anonymous> (node:internal/per_context/messageport:23:28)
[2025-03-27 22:38:11] [ERROR] Uncaught Exception: Error: Cannot find module '/app/transactionWorker.js'
    at Function._resolveFilename (node:internal/modules/cjs/loader:1212:15)
    at Function._load (node:internal/modules/cjs/loader:1043:27)
    at Function.executeUserEntryPoint [as runMain] (node:internal/modules/run_main:164:12)
    at MessagePort.<anonymous> (node:internal/main/worker_thread:192:26)
    at [nodejs.internal.kHybridDispatch] (node:internal/event_target:831:20)
    at MessagePort.<anonymous> (node:internal/per_context/messageport:23:28)
[2025-03-27 22:38:41] [ERROR] Uncaught Exception: Error: Cannot find module '/app/transactionWorker.js'
    at Function._resolveFilename (node:internal/modules/cjs/loader:1212:15)
    at Function._load (node:internal/modules/cjs/loader:1043:27)
    at Function.executeUserEntryPoint [as runMain] (node:internal/modules/run_main:164:12)
    at MessagePort.<anonymous> (node:internal/main/worker_thread:192:26)
    at [nodejs.internal.kHybridDispatch] (node:internal/event_target:831:20)
    at MessagePort.<anonymous> (node:internal/per_context/messageport:23:28)
[2025-03-27 22:39:35] [ERROR] Uncaught Exception: Error: Cannot find module '/app/transactionWorker.js'
    at Function._resolveFilename (node:internal/modules/cjs/loader:1212:15)
    at Function._load (node:internal/modules/cjs/loader:1043:27)
    at Function.executeUserEntryPoint [as runMain] (node:internal/modules/run_main:164:12)
    at MessagePort.<anonymous> (node:internal/main/worker_thread:192:26)
    at [nodejs.internal.kHybridDispatch] (node:internal/event_target:831:20)
    at MessagePort.<anonymous> (node:internal/per_context/messageport:23:28)
[2025-03-27 22:40:38] [ERROR] Uncaught Exception: Error: Cannot find module '/app/transactionWorker.js'
    at Function._resolveFilename (node:internal/modules/cjs/loader:1212:15)
    at Function._load (node:internal/modules/cjs/loader:1043:27)
    at Function.executeUserEntryPoint [as runMain] (node:internal/modules/run_main:164:12)
    at MessagePort.<anonymous> (node:internal/main/worker_thread:192:26)
    at [nodejs.internal.kHybridDispatch] (node:internal/event_target:831:20)
    at MessagePort.<anonymous> (node:internal/per_context/messageport:23:28)
[2025-03-27 22:41:42] [ERROR] Uncaught Exception: Error: Cannot find module '/app/transactionWorker.js'
    at Function._resolveFilename (node:internal/modules/cjs/loader:1212:15)
    at Function._load (node:internal/modules/cjs/loader:1043:27)
    at Function.executeUserEntryPoint [as runMain] (node:internal/modules/run_main:164:12)
    at MessagePort.<anonymous> (node:internal/main/worker_thread:192:26)
    at [nodejs.internal.kHybridDispatch] (node:internal/event_target:831:20)
    at MessagePort.<anonymous> (node:internal/per_context/messageport:23:28)
[2025-03-27 22:42:47] [ERROR] Uncaught Exception: Error: Cannot find module '/app/transactionWorker.js'
    at Function._resolveFilename (node:internal/modules/cjs/loader:1212:15)
    at Function._load (node:internal/modules/cjs/loader:1043:27)
    at Function.executeUserEntryPoint [as runMain] (node:internal/modules/run_main:164:12)
    at MessagePort.<anonymous> (node:internal/main/worker_thread:192:26)
    at [nodejs.internal.kHybridDispatch] (node:internal/event_target:831:20)
    at MessagePort.<anonymous> (node:internal/per_context/messageport:23:28)
[2025-03-27 22:43:50] [ERROR] Uncaught Exception: Error: Cannot find module '/app/transactionWorker.js'
    at Function._resolveFilename (node:internal/modules/cjs/loader:1212:15)
    at Function._load (node:internal/modules/cjs/loader:1043:27)
    at Function.executeUserEntryPoint [as runMain] (node:internal/modules/run_main:164:12)
    at MessagePort.<anonymous> (node:internal/main/worker_thread:192:26)
    at [nodejs.internal.kHybridDispatch] (node:internal/event_target:831:20)
    at MessagePort.<anonymous> (node:internal/per_context/messageport:23:28)
[2025-03-27 22:44:54] [ERROR] Uncaught Exception: Error: Cannot find module '/app/transactionWorker.js'
    at Function._resolveFilename (node:internal/modules/cjs/loader:1212:15)
    at Function._load (node:internal/modules/cjs/loader:1043:27)
    at Function.executeUserEntryPoint [as runMain] (node:internal/modules/run_main:164:12)
    at MessagePort.<anonymous> (node:internal/main/worker_thread:192:26)
    at [nodejs.internal.kHybridDispatch] (node:internal/event_target:831:20)
    at MessagePort.<anonymous> (node:internal/per_context/messageport:23:28)
[2025-03-27 22:45:58] [ERROR] Uncaught Exception: Error: Cannot find module '/app/transactionWorker.js'
    at Function._resolveFilename (node:internal/modules/cjs/loader:1212:15)
    at Function._load (node:internal/modules/cjs/loader:1043:27)
    at Function.executeUserEntryPoint [as runMain] (node:internal/modules/run_main:164:12)
    at MessagePort.<anonymous> (node:internal/main/worker_thread:192:26)
    at [nodejs.internal.kHybridDispatch] (node:internal/event_target:831:20)
    at MessagePort.<anonymous> (node:internal/per_context/messageport:23:28)
